<?xml version="1.0" encoding="utf-8"?><testsuites name="pytest tests"><testsuite name="pytest" errors="0" failures="0" skipped="0" tests="10" time="85.091" timestamp="2026-07-21T18:00:29.782612+00:00" hostname="agent-env-6b037af2-e017-4851-a26f-6110dfc2666f"><testcase classname="backend.tests.test_cr63_cr64.TestCR63Quote" name="test_quote_with_event_id_returns_200" time="8.234" /><testcase classname="backend.tests.test_cr63_cr64.TestCR63Quote" name="test_quote_response_has_event_id" time="2.607" /><testcase classname="backend.tests.test_cr63_cr64.TestCR63Quote" name="test_quote_verify_mongodb_event_id_and_otp" time="3.924" /><testcase classname="backend.tests.test_cr63_cr64.TestCR63Quote" name="test_quote_without_event_id_backward_compat" time="2.465" /><testcase classname="backend.tests.test_cr63_cr64.TestCR63Contact" name="test_contact_with_event_id_returns_200" time="2.426" /><testcase classname="backend.tests.test_cr63_cr64.TestCR63Contact" name="test_contact_response_has_event_id" time="4.177" /><testcase classname="backend.tests.test_cr63_cr64.TestCR63Contact" name="test_contact_mongodb_persistence" time="3.692" /><testcase classname="backend.tests.test_cr63_cr64.TestCR63UAtruncation" name="test_demo_request_with_long_ua_returns_200" time="2.482" /><testcase classname="backend.tests.test_cr63_cr64.TestCR64ReturningVisitorMerge" name="test_returning_visitor_two_submits" time="54.974" /><testcase classname="backend.tests.test_cr63_cr64.TestBackendLogsNoErrors" name="test_backend_log_no_upsert_400_recent" time="0.001" /></testsuite></testsuites>