<?xml version="1.0" encoding="utf-8"?><testsuites name="pytest tests"><testsuite name="pytest" errors="0" failures="0" skipped="0" tests="18" time="2.801" timestamp="2026-06-08T06:53:43.240730+00:00" hostname="agent-env-96134707-993b-4ee5-b14f-bf68e44012ca"><testcase classname="backend.tests.test_cms.TestAuth" name="test_login_wrong_password" time="0.239" /><testcase classname="backend.tests.test_cms.TestAuth" name="test_login_team_user" time="0.047" /><testcase classname="backend.tests.test_cms.TestAuth" name="test_me_with_token" time="0.098" /><testcase classname="backend.tests.test_cms.TestAuth" name="test_me_without_token" time="0.134" /><testcase classname="backend.tests.test_cms.TestAuth" name="test_me_with_invalid_token" time="0.137" /><testcase classname="backend.tests.test_cms.TestContentWorkflow" name="test_put_creates_draft" time="0.048" /><testcase classname="backend.tests.test_cms.TestContentWorkflow" name="test_draft_visible_only_to_admin" time="0.139" /><testcase classname="backend.tests.test_cms.TestContentWorkflow" name="test_draft_requires_auth" time="0.109" /><testcase classname="backend.tests.test_cms.TestContentWorkflow" name="test_publish_promotes_draft" time="0.197" /><testcase classname="backend.tests.test_cms.TestContentWorkflow" name="test_discard_reverts_draft" time="0.318" /><testcase classname="backend.tests.test_cms.TestContentWorkflow" name="test_put_requires_auth" time="0.133" /><testcase classname="backend.tests.test_cms.TestContentWorkflow" name="test_publish_requires_auth" time="0.141" /><testcase classname="backend.tests.test_cms.TestMedia" name="test_upload_and_serve" time="0.261" /><testcase classname="backend.tests.test_cms.TestMedia" name="test_upload_rejects_unsupported_ext" time="0.140" /><testcase classname="backend.tests.test_cms.TestMedia" name="test_upload_requires_auth" time="0.100" /><testcase classname="backend.tests.test_cms.TestMedia" name="test_media_not_found" time="0.113" /><testcase classname="backend.tests.test_cms.TestCleanup" name="test_zz_reset_hero_badge_to_original" time="0.194" /><testcase classname="backend.tests.test_cms.TestCleanup" name="test_zz_cleanup_test_marker" time="0.096" /></testsuite></testsuites>