<?xml version="1.0" encoding="utf-8"?><testsuites name="pytest tests"><testsuite name="pytest" errors="0" failures="0" skipped="0" tests="9" time="1.922" timestamp="2026-06-09T06:46:27.858878+00:00" hostname="agent-env-9a624b65-1a7d-403c-9ad9-3682e5a1aaa5"><testcase classname="tests.test_leads" name="test_requires_auth" time="0.812" /><testcase classname="tests.test_leads" name="test_returns_all_seed_leads" time="0.207" /><testcase classname="tests.test_leads" name="test_normalisation_fields" time="0.132" /><testcase classname="tests.test_leads" name="test_filter_verified_only" time="0.107" /><testcase classname="tests.test_leads" name="test_filter_paid_only" time="0.159" /><testcase classname="tests.test_leads" name="test_filter_type_quote" time="0.103" /><testcase classname="tests.test_leads" name="test_search_city" time="0.097" /><testcase classname="tests.test_leads" name="test_pagination" time="0.134" /><testcase classname="tests.test_leads" name="test_summary_chips" time="0.102" /></testsuite></testsuites>