<?xml version="1.0" encoding="utf-8"?><testsuites name="pytest tests"><testsuite name="pytest" errors="0" failures="0" skipped="0" tests="20" time="3.213" timestamp="2026-06-08T11:03:36.714464+00:00" hostname="agent-env-7b8fbde2-9d8c-44a7-9acc-ca90ec81f10f"><testcase classname="backend.tests.test_cms.TestAuth" name="test_login_wrong_password" time="0.310" /><testcase classname="backend.tests.test_cms.TestAuth" name="test_login_team_user" time="0.050" /><testcase classname="backend.tests.test_cms.TestAuth" name="test_me_with_token" time="0.103" /><testcase classname="backend.tests.test_cms.TestAuth" name="test_me_without_token" time="0.134" /><testcase classname="backend.tests.test_cms.TestAuth" name="test_me_with_invalid_token" time="0.105" /><testcase classname="backend.tests.test_cms.TestContentWorkflow" name="test_put_creates_draft" time="0.050" /><testcase classname="backend.tests.test_cms.TestContentWorkflow" name="test_draft_visible_only_to_admin" time="0.150" /><testcase classname="backend.tests.test_cms.TestContentWorkflow" name="test_draft_requires_auth" time="0.161" /><testcase classname="backend.tests.test_cms.TestContentWorkflow" name="test_publish_promotes_draft" time="0.219" /><testcase classname="backend.tests.test_cms.TestContentWorkflow" name="test_discard_reverts_draft" time="0.320" /><testcase classname="backend.tests.test_cms.TestContentWorkflow" name="test_put_requires_auth" time="0.110" /><testcase classname="backend.tests.test_cms.TestContentWorkflow" name="test_publish_requires_auth" time="0.100" /><testcase classname="backend.tests.test_cms.TestMedia" name="test_upload_and_serve" time="0.312" /><testcase classname="backend.tests.test_cms.TestMedia" name="test_upload_rejects_unsupported_ext" time="0.108" /><testcase classname="backend.tests.test_cms.TestMedia" name="test_upload_requires_auth" time="0.108" /><testcase classname="backend.tests.test_cms.TestMedia" name="test_media_not_found" time="0.118" /><testcase classname="backend.tests.test_cms.TestMeta" name="test_meta_requires_auth" time="0.132" /><testcase classname="backend.tests.test_cms.TestMeta" name="test_meta_returns_publish_info" time="0.142" /><testcase classname="backend.tests.test_cms.TestCleanup" name="test_zz_reset_hero_badge_to_original" time="0.240" /><testcase classname="backend.tests.test_cms.TestCleanup" name="test_zz_cleanup_test_marker" time="0.150" /></testsuite></testsuites>