<?xml version="1.0" encoding="utf-8"?><testsuites name="pytest tests"><testsuite name="pytest" errors="0" failures="3" skipped="0" tests="12" time="211.790" timestamp="2026-06-26T14:02:54.477045+00:00" hostname="agent-env-f0a61c2d-89e1-4d33-8a5c-4d8fff3dbfbd"><testcase classname="backend.tests.test_phase_h_strategy_lab.TestStrategyLabEndpoint" name="test_unauthenticated_returns_401" time="0.864" /><testcase classname="backend.tests.test_phase_h_strategy_lab.TestStrategyLabEndpoint" name="test_authenticated_returns_200" time="25.020" /><testcase classname="backend.tests.test_phase_h_strategy_lab.TestStrategyLabEndpoint" name="test_response_has_required_top_level_fields" time="24.186" /><testcase classname="backend.tests.test_phase_h_strategy_lab.TestStrategyLabEndpoint" name="test_hypotheses_count_is_4" time="25.969" /><testcase classname="backend.tests.test_phase_h_strategy_lab.TestStrategyLabEndpoint" name="test_each_hypothesis_has_required_fields" time="22.495" /><testcase classname="backend.tests.test_phase_h_strategy_lab.TestStrategyLabEndpoint" name="test_confidence_values_are_valid" time="26.087" /><testcase classname="backend.tests.test_phase_h_strategy_lab.TestStrategyLabEndpoint" name="test_effort_values_are_valid" time="25.163" /><testcase classname="backend.tests.test_phase_h_strategy_lab.TestStrategyLabEndpoint" name="test_category_values_are_valid" time="30.373" /><testcase classname="backend.tests.test_phase_h_strategy_lab.TestStrategyLabEndpoint" name="test_no_db_writes_occur" time="31.163" /><testcase classname="backend.tests.test_phase_h_strategy_lab.TestStrategyLabEndpoint" name="test_regression_ai_insights_still_works" time="0.141"><failure message="AssertionError: ai-insights returned 405&#10;assert 405 == 200&#10; +  where 405 = &lt;Response [405]&gt;.status_code">backend/tests/test_phase_h_strategy_lab.py:112: in test_regression_ai_insights_still_works
    assert r.status_code == 200, f"ai-insights returned {r.status_code}"
E   AssertionError: ai-insights returned 405
E   assert 405 == 200
E    +  where 405 = &lt;Response [405]&gt;.status_code</failure></testcase><testcase classname="backend.tests.test_phase_h_strategy_lab.TestStrategyLabEndpoint" name="test_regression_adset_panel_loads" time="0.111"><failure message="AssertionError: adsets returned 404&#10;assert 404 == 200&#10; +  where 404 = &lt;Response [404]&gt;.status_code">backend/tests/test_phase_h_strategy_lab.py:123: in test_regression_adset_panel_loads
    assert r.status_code == 200, f"adsets returned {r.status_code}"
E   AssertionError: adsets returned 404
E   assert 404 == 200
E    +  where 404 = &lt;Response [404]&gt;.status_code</failure></testcase><testcase classname="backend.tests.test_phase_h_strategy_lab.TestStrategyLabEndpoint" name="test_regression_placement_panel_loads" time="0.098"><failure message="AssertionError: placements returned 404&#10;assert 404 == 200&#10; +  where 404 = &lt;Response [404]&gt;.status_code">backend/tests/test_phase_h_strategy_lab.py:128: in test_regression_placement_panel_loads
    assert r.status_code == 200, f"placements returned {r.status_code}"
E   AssertionError: placements returned 404
E   assert 404 == 200
E    +  where 404 = &lt;Response [404]&gt;.status_code</failure></testcase></testsuite></testsuites>