<?xml version="1.0" encoding="utf-8"?><testsuites name="pytest tests"><testsuite name="pytest" errors="0" failures="0" skipped="0" tests="34" time="3.792" timestamp="2026-06-26T03:20:19.829653+00:00" hostname="agent-env-f0a61c2d-89e1-4d33-8a5c-4d8fff3dbfbd"><testcase classname="tests.test_cr24_ads_intelligence.TestFunnelByLandingPage" name="test_status_200" time="0.382" /><testcase classname="tests.test_cr24_ads_intelligence.TestFunnelByLandingPage" name="test_response_structure" time="0.111" /><testcase classname="tests.test_cr24_ads_intelligence.TestFunnelByLandingPage" name="test_row_fields_when_data_present" time="0.105" /><testcase classname="tests.test_cr24_ads_intelligence.TestFunnelByLandingPage" name="test_requires_auth" time="0.100" /><testcase classname="tests.test_cr24_ads_intelligence.TestFunnelByDevice" name="test_status_200" time="0.107" /><testcase classname="tests.test_cr24_ads_intelligence.TestFunnelByDevice" name="test_response_structure" time="0.110" /><testcase classname="tests.test_cr24_ads_intelligence.TestFunnelByDevice" name="test_device_field_present" time="0.099" /><testcase classname="tests.test_cr24_ads_intelligence.TestFunnelByDevice" name="test_requires_auth" time="0.116" /><testcase classname="tests.test_cr24_ads_intelligence.TestFunnelByCity" name="test_status_200" time="0.108" /><testcase classname="tests.test_cr24_ads_intelligence.TestFunnelByCity" name="test_response_structure" time="0.109" /><testcase classname="tests.test_cr24_ads_intelligence.TestFunnelByCity" name="test_top_n_param" time="0.099" /><testcase classname="tests.test_cr24_ads_intelligence.TestFunnelByCity" name="test_requires_auth" time="0.096" /><testcase classname="tests.test_cr24_ads_intelligence.TestExecutiveSummary" name="test_status_200" time="0.107" /><testcase classname="tests.test_cr24_ads_intelligence.TestExecutiveSummary" name="test_required_fields" time="0.102" /><testcase classname="tests.test_cr24_ads_intelligence.TestExecutiveSummary" name="test_total_leads_is_int" time="0.562" /><testcase classname="tests.test_cr24_ads_intelligence.TestExecutiveSummary" name="test_spend_fields" time="0.158" /><testcase classname="tests.test_cr24_ads_intelligence.TestExecutiveSummary" name="test_requires_auth" time="0.112" /><testcase classname="tests.test_cr24_ads_intelligence.TestRecommendations" name="test_status_200" time="0.100" /><testcase classname="tests.test_cr24_ads_intelligence.TestRecommendations" name="test_response_structure" time="0.098" /><testcase classname="tests.test_cr24_ads_intelligence.TestRecommendations" name="test_signal_count_matches_list" time="0.101" /><testcase classname="tests.test_cr24_ads_intelligence.TestRecommendations" name="test_requires_auth" time="0.094" /><testcase classname="tests.test_cr24_ads_intelligence.TestMcpStatus" name="test_status_200" time="0.105" /><testcase classname="tests.test_cr24_ads_intelligence.TestMcpStatus" name="test_meta_disabled" time="0.103" /><testcase classname="tests.test_cr24_ads_intelligence.TestMcpStatus" name="test_google_disabled" time="0.097" /><testcase classname="tests.test_cr24_ads_intelligence.TestMcpStatus" name="test_requires_auth" time="0.100" /><testcase classname="tests.test_cr24_ads_intelligence.TestDetectPlatform" name="test_google_search_terms" time="0.002" /><testcase classname="tests.test_cr24_ads_intelligence.TestDetectPlatform" name="test_google_ads" time="0.000" /><testcase classname="tests.test_cr24_ads_intelligence.TestDetectPlatform" name="test_meta_ad" time="0.000" /><testcase classname="tests.test_cr24_ads_intelligence.TestDetectPlatform" name="test_meta_breakdown_placement" time="0.000" /><testcase classname="tests.test_cr24_ads_intelligence.TestDetectPlatform" name="test_meta_breakdown_age" time="0.000" /><testcase classname="tests.test_cr24_ads_intelligence.TestDetectPlatform" name="test_meta_campaign" time="0.000" /><testcase classname="tests.test_cr24_ads_intelligence.TestExistingFunnelEndpoints" name="test_funnel_summary" time="0.100" /><testcase classname="tests.test_cr24_ads_intelligence.TestExistingFunnelEndpoints" name="test_funnel_by_source" time="0.111" /><testcase classname="tests.test_cr24_ads_intelligence.TestExistingFunnelEndpoints" name="test_funnel_by_attribution" time="0.104" /></testsuite></testsuites>