<?xml version="1.0" encoding="utf-8"?><testsuites name="pytest tests"><testsuite name="pytest" errors="0" failures="0" skipped="0" tests="7" time="20.232" timestamp="2026-06-26T06:47:59.877211+00:00" hostname="agent-env-f0a61c2d-89e1-4d33-8a5c-4d8fff3dbfbd"><testcase classname="backend.tests.test_date_filter_sync.TestExecutiveSummary" name="test_no_dates_returns_200" time="5.253" /><testcase classname="backend.tests.test_date_filter_sync.TestExecutiveSummary" name="test_no_dates_has_campaigns_key" time="3.146" /><testcase classname="backend.tests.test_date_filter_sync.TestExecutiveSummary" name="test_campaigns_is_list" time="2.897" /><testcase classname="backend.tests.test_date_filter_sync.TestExecutiveSummary" name="test_campaign_fields_present" time="2.951" /><testcase classname="backend.tests.test_date_filter_sync.TestExecutiveSummary" name="test_date_range_filter_returns_200" time="2.881" /><testcase classname="backend.tests.test_date_filter_sync.TestExecutiveSummary" name="test_date_range_filter_has_campaigns" time="2.910" /><testcase classname="backend.tests.test_date_filter_sync.TestMetaSync" name="test_sync_without_auth_returns_401" time="0.126" /></testsuite></testsuites>