<?xml version="1.0" encoding="utf-8"?><testsuites name="pytest tests"><testsuite name="pytest" errors="0" failures="0" skipped="0" tests="15" time="33.355" timestamp="2026-06-26T11:44:34.707010+00:00" hostname="agent-env-f0a61c2d-89e1-4d33-8a5c-4d8fff3dbfbd"><testcase classname="backend.tests.test_phase_e.TestRecommendations" name="test_recommendations_returns_200" time="6.927" /><testcase classname="backend.tests.test_phase_e.TestRecommendations" name="test_recommendations_has_signal_count" time="2.483" /><testcase classname="backend.tests.test_phase_e.TestRecommendations" name="test_lp_friction_signals_present" time="2.439" /><testcase classname="backend.tests.test_phase_e.TestRecommendations" name="test_lp_friction_signal_data_fields" time="2.445" /><testcase classname="backend.tests.test_phase_e.TestRecommendations" name="test_lp_friction_count_is_3" time="2.472" /><testcase classname="backend.tests.test_phase_e.TestRecommendations" name="test_scale_signal_present" time="3.431" /><testcase classname="backend.tests.test_phase_e.TestRecommendations" name="test_signal_type_count" time="2.761" /><testcase classname="backend.tests.test_phase_e.TestRecommendations" name="test_weak_creative_not_fired" time="2.482" /><testcase classname="backend.tests.test_phase_e.TestRecommendations" name="test_calendly_friction_not_fired" time="2.567" /><testcase classname="backend.tests.test_phase_e.TestRecommendations" name="test_benchmark_in_message" time="2.481" /><testcase classname="backend.tests.test_phase_e.TestPhaseD" name="test_adset_performance_no_filter" time="0.429" /><testcase classname="backend.tests.test_phase_e.TestPhaseD" name="test_adset_performance_date_filter_zero" time="0.349" /><testcase classname="backend.tests.test_phase_e.TestPhaseD" name="test_placement_breakdown" time="0.338" /><testcase classname="backend.tests.test_phase_e.TestPhaseB" name="test_ad_performance_6_ads" time="0.338" /><testcase classname="backend.tests.test_phase_e.TestPhaseC" name="test_lead_quality_summary" time="1.321" /></testsuite></testsuites>