<?xml version="1.0" encoding="utf-8"?><testsuites name="pytest tests"><testsuite name="pytest" errors="0" failures="0" skipped="0" tests="10" time="14.482" timestamp="2026-06-26T10:38:57.376599+00:00" hostname="agent-env-f0a61c2d-89e1-4d33-8a5c-4d8fff3dbfbd"><testcase classname="backend.tests.test_phase_d.TestGAP16" name="test_recommendations_returns_signals" time="4.169" /><testcase classname="backend.tests.test_phase_d.TestGAP16" name="test_recommendations_has_adset_entity" time="2.175" /><testcase classname="backend.tests.test_phase_d.TestGAP16" name="test_recommendations_signal_types" time="2.219" /><testcase classname="backend.tests.test_phase_d.TestGAP14AdsetPerformance" name="test_adset_2025_data_returns_results" time="0.335" /><testcase classname="backend.tests.test_phase_d.TestGAP14AdsetPerformance" name="test_adset_2023_data_returns_empty" time="0.324" /><testcase classname="backend.tests.test_phase_d.TestGAP14AdPerformance" name="test_ad_2025_data_returns_results" time="0.365" /><testcase classname="backend.tests.test_phase_d.TestGAP14AdPerformance" name="test_ad_2023_data_returns_empty" time="0.353" /><testcase classname="backend.tests.test_phase_d.TestExisting" name="test_executive_summary" time="2.843" /><testcase classname="backend.tests.test_phase_d.TestExisting" name="test_placement_breakdown" time="0.371" /><testcase classname="backend.tests.test_phase_d.TestExisting" name="test_lead_quality_summary" time="1.254" /></testsuite></testsuites>