<?xml version="1.0" encoding="utf-8"?><testsuites name="pytest tests"><testsuite name="pytest" errors="0" failures="2" skipped="0" tests="7" time="11.975" timestamp="2026-07-01T13:51:57.883686+00:00" hostname="agent-env-18b4aa6b-b87d-4dff-a969-436c44237744"><testcase classname="backend.tests.test_cr42_otp_flow.TestOtpConfirmEndpoint" name="test_otp_confirm_invalid_token" time="1.408" /><testcase classname="backend.tests.test_cr42_otp_flow.TestOtpConfirmEndpoint" name="test_otp_confirm_invalid_form_type" time="2.200" /><testcase classname="backend.tests.test_cr42_otp_flow.TestOtpConfirmEndpoint" name="test_otp_send_endpoint_exists" time="1.263" /><testcase classname="backend.tests.test_cr42_otp_flow.TestOtpConfirmEndpoint" name="test_otp_verify_invalid_code" time="4.316" /><testcase classname="backend.tests.test_cr42_otp_flow.TestQuoteCreateModel" name="test_quote_accepts_years_in_business" time="2.268" /><testcase classname="backend.tests.test_cr42_otp_flow.TestContactMessageModel" name="test_contact_accepts_business_name_years" time="0.124"><failure message="assert 429 == 200&#10; +  where 429 = &lt;Response [429]&gt;.status_code">backend/tests/test_cr42_otp_flow.py:85: in test_contact_accepts_business_name_years
    assert res.status_code == 200
E   assert 429 == 200
E    +  where 429 = &lt;Response [429]&gt;.status_code</failure></testcase><testcase classname="backend.tests.test_cr42_otp_flow.TestDemoRequestModel" name="test_demo_request_with_all_fields" time="0.156"><failure message="assert 429 == 200&#10; +  where 429 = &lt;Response [429]&gt;.status_code">backend/tests/test_cr42_otp_flow.py:104: in test_demo_request_with_all_fields
    assert res.status_code == 200
E   assert 429 == 200
E    +  where 429 = &lt;Response [429]&gt;.status_code</failure></testcase></testsuite></testsuites>