<?xml version="1.0" encoding="utf-8"?><testsuites name="pytest tests"><testsuite name="pytest" errors="0" failures="1" skipped="0" tests="7" time="9.824" timestamp="2026-09-13T06:19:12.478109+00:00" hostname="agent-env-ce23539f-4aa7-411a-a1d9-5b7a350e2378"><testcase classname="tests.test_forms.TestContactForm" name="test_valid_contact_submission" time="6.004" /><testcase classname="tests.test_forms.TestDemoRequest" name="test_valid_demo_submission" time="6.624" /><testcase classname="tests.test_forms.TestQuoteForm" name="test_valid_quote_submission" time="1.325" /><testcase classname="tests.test_forms.TestDemoRequest" name="test_bot_protection_low_elapsed_ms" time="0.160" /><testcase classname="tests.test_forms.TestDemoRequest" name="test_honeypot_filled_returns_saved_false" time="0.164" /><testcase classname="tests.test_forms.TestDemoRequestsList" name="test_get_demo_requests" time="0.934"><failure message="AssertionError: GET /api/demo-requests returned 500 — needs fix&#10;assert 500 == 200&#10; +  where 500 = &lt;Response [500]&gt;.status_code">backend/tests/test_forms.py:154: in test_get_demo_requests
    assert r.status_code == 200, f"GET /api/demo-requests returned {r.status_code} — needs fix"
E   AssertionError: GET /api/demo-requests returned 500 — needs fix
E   assert 500 == 200
E    +  where 500 = &lt;Response [500]&gt;.status_code</failure></testcase><testcase classname="tests.test_forms.TestOtp" name="test_otp_send_responds_200" time="2.078" /></testsuite></testsuites>