<?xml version="1.0" encoding="utf-8"?><testsuites name="pytest tests"><testsuite name="pytest" errors="0" failures="1" skipped="1" tests="11" time="1.594" timestamp="2026-06-25T14:06:17.393228+00:00" hostname="agent-env-f0a61c2d-89e1-4d33-8a5c-4d8fff3dbfbd"><testcase classname="backend.tests.test_mygenie_comprehensive.TestHealth" name="test_root_health" time="0.145" /><testcase classname="backend.tests.test_mygenie_comprehensive.TestDemoRequest" name="test_demo_request_basic" time="0.239" /><testcase classname="backend.tests.test_mygenie_comprehensive.TestDemoRequest" name="test_demo_request_missing_required" time="0.115" /><testcase classname="backend.tests.test_mygenie_comprehensive.TestDemoRequest" name="test_demo_request_sector_page" time="0.176" /><testcase classname="backend.tests.test_mygenie_comprehensive.TestOTP" name="test_otp_send_valid_phone" time="0.106"><failure message="assert 429 in [200, 503, 500]&#10; +  where 429 = &lt;Response [429]&gt;.status_code">backend/tests/test_mygenie_comprehensive.py:53: in test_otp_send_valid_phone
    assert r.status_code in [200, 503, 500]
E   assert 429 in [200, 503, 500]
E    +  where 429 = &lt;Response [429]&gt;.status_code</failure></testcase><testcase classname="backend.tests.test_mygenie_comprehensive.TestOTP" name="test_otp_verify_invalid_code" time="0.205" /><testcase classname="backend.tests.test_mygenie_comprehensive.TestCMSAuth" name="test_cms_login_admin_success" time="0.115" /><testcase classname="backend.tests.test_mygenie_comprehensive.TestCMSAuth" name="test_cms_login_editor_success" time="0.099" /><testcase classname="backend.tests.test_mygenie_comprehensive.TestCMSAuth" name="test_cms_login_wrong_password" time="0.117" /><testcase classname="backend.tests.test_mygenie_comprehensive.TestCMSContent" name="test_get_content_doc" time="0.098"><skipped type="pytest.skip" message="CMS auth failed">/app/backend/tests/test_mygenie_comprehensive.py:102: CMS auth failed</skipped></testcase><testcase classname="backend.tests.test_mygenie_comprehensive.TestDemoBooked" name="test_demo_booked_endpoint" time="0.089" /></testsuite></testsuites>