<?xml version="1.0" encoding="utf-8"?><testsuites name="pytest tests"><testsuite name="pytest" errors="0" failures="0" skipped="0" tests="9" time="8.759" timestamp="2026-07-14T10:06:04.583436+00:00" hostname="agent-env-4360f19a-241b-4596-b90b-3b6aaf1ce9ee"><testcase classname="tests.test_cr59_calendly_guard.TestCr59CodeGuard" name="test_preview_url_short_circuits_before_httpx_call" time="0.400" /><testcase classname="tests.test_cr59_calendly_guard.TestCr59CodeGuard" name="test_blank_callback_url_skips" time="0.001" /><testcase classname="tests.test_cr59_calendly_guard.TestCr59CodeGuard" name="test_missing_api_token_skips" time="0.001" /><testcase classname="tests.test_cr59_calendly_guard.TestStartupLog" name="test_latest_startup_shows_skip" time="0.000" /><testcase classname="tests.test_cr59_calendly_guard.TestCalendlyWebhookEndpoint" name="test_valid_signature_canceled_event_ignored" time="3.687" /><testcase classname="tests.test_cr59_calendly_guard.TestCalendlyWebhookEndpoint" name="test_invalid_signature_returns_401" time="0.002" /><testcase classname="tests.test_cr59_calendly_guard.TestCalendlyWebhookEndpoint" name="test_missing_signature_returns_400" time="0.002" /><testcase classname="tests.test_cr59_calendly_guard.TestCalendlyWebhookEndpoint" name="test_valid_invitee_created_no_match_returns_ok_null" time="0.762" /><testcase classname="tests.test_cr59_calendly_guard.TestMongoUpdatePath" name="test_invitee_created_updates_mongo" time="3.824" /></testsuite></testsuites>