<?xml version="1.0" encoding="utf-8"?><testsuites name="pytest tests"><testsuite name="pytest" errors="0" failures="0" skipped="0" tests="8" time="1.570" timestamp="2026-06-25T15:30:41.669513+00:00" hostname="agent-env-f0a61c2d-89e1-4d33-8a5c-4d8fff3dbfbd"><testcase classname="backend.tests.test_iteration2.TestHealth" name="test_api_root" time="0.306" /><testcase classname="backend.tests.test_iteration2.TestDemoRequest" name="test_demo_request_basic" time="0.264" /><testcase classname="backend.tests.test_iteration2.TestDemoRequest" name="test_demo_request_yet_to_open" time="0.176" /><testcase classname="backend.tests.test_iteration2.TestDemoRequest" name="test_demo_request_2plus" time="0.186" /><testcase classname="backend.tests.test_iteration2.TestDemoRequest" name="test_demo_request_meta_demo_sector" time="0.264" /><testcase classname="backend.tests.test_iteration2.TestOtp" name="test_otp_send_graceful" time="0.102" /><testcase classname="backend.tests.test_iteration2.TestCmsAuth" name="test_cms_login_admin" time="0.100" /><testcase classname="backend.tests.test_iteration2.TestCmsAuth" name="test_cms_login_invalid" time="0.097" /></testsuite></testsuites>