<?xml version="1.0" encoding="utf-8"?><testsuites name="pytest tests"><testsuite name="pytest" errors="0" failures="0" skipped="0" tests="4" time="0.349" timestamp="2026-07-25T12:44:12.069061+00:00" hostname="agent-env-7b99977e-2217-4bc6-b592-ad5e4604aaab"><testcase classname="backend.tests.test_setup_smoke" name="test_root" time="0.136" /><testcase classname="backend.tests.test_setup_smoke" name="test_status_list" time="0.050" /><testcase classname="backend.tests.test_setup_smoke" name="test_demo_requests_list" time="0.054" /><testcase classname="backend.tests.test_setup_smoke" name="test_quotes_list" time="0.045" /></testsuite></testsuites>